2025-11-19 13:58:50 +0100 - dagster - DEBUG - __ASSET_JOB - bdfe0ec4-50d5-4aea-a717-0aa518cf6b54 - 28378 - LOGS_CAPTURED - Started capturing logs in process (pid: 28378).
2025-11-19 13:58:50 +0100 - dagster - DEBUG - __ASSET_JOB - bdfe0ec4-50d5-4aea-a717-0aa518cf6b54 - 28378 - raw_forklift_snapshot - STEP_START - Started execution of step "raw_forklift_snapshot".
2025-11-19 13:58:50 +0100 - dagster - ERROR - __ASSET_JOB - bdfe0ec4-50d5-4aea-a717-0aa518cf6b54 - 28378 - raw_forklift_snapshot - STEP_FAILURE - Execution of step "raw_forklift_snapshot" failed.

dagster._core.errors.DagsterExecutionStepExecutionError: Error occurred while executing op "raw_forklift_snapshot"::

RuntimeError: LakeFS connection details are missing. Provide endpoint_url, repo, and branch

Stack Trace:
  File "/Users/ratkem144/Desktop/mratke/week2/.venv/lib/python3.13/site-packages/dagster/_core/execution/plan/utils.py", line 57, in op_execution_error_boundary
    yield
  File "/Users/ratkem144/Desktop/mratke/week2/.venv/lib/python3.13/site-packages/dagster/_utils/__init__.py", line 394, in iterate_with_context
    next_output = next(iterator)
  File "/Users/ratkem144/Desktop/mratke/week2/.venv/lib/python3.13/site-packages/dagster/_core/execution/plan/compute_generator.py", line 135, in _coerce_op_compute_fn_to_iterator
    result = invoke_compute_fn(
        fn, context, kwargs, context_arg_provided, config_arg_class, resource_arg_mapping
    )
  File "/Users/ratkem144/Desktop/mratke/week2/.venv/lib/python3.13/site-packages/dagster/_core/execution/plan/compute_generator.py", line 115, in invoke_compute_fn
    return fn(context, **args_to_pass) if context_arg_provided else fn(**args_to_pass)
           ~~^^^^^^^^^^^^^^^^^^^^^^^^^
  File "/Users/ratkem144/Desktop/mratke/week2/pipeline/assets/data_assets.py", line 85, in raw_forklift_snapshot
    local_path, commit_id = lakefs.download_prefix(config.prefix, destination)
                            ~~~~~~~~~~~~~~~~~~~~~~^^^^^^^^^^^^^^^^^^^^^^^^^^^^
  File "/Users/ratkem144/Desktop/mratke/week2/pipeline/resources/lakefs.py", line 70, in download_prefix
    fs = self._build_fs()
  File "/Users/ratkem144/Desktop/mratke/week2/pipeline/resources/lakefs.py", line 35, in _build_fs
    raise RuntimeError(
        "LakeFS connection details are missing. Provide endpoint_url, repo, and branch"
    )

